<?xml version="1.0" encoding="UTF-8"?>
<!-- Generated by org.testng.reporters.JUnitXMLReporter -->
<testsuite ignored="1" hostname="L-5CD211KD09" failures="1" tests="2" name="HealthInsurance(failed)" time="56.297" errors="0" timestamp="2026-04-04T18:20:54 IST">
  <testcase classname="automation.testclass.InsurancePortal" name="To_Verify_That_User_Is_Able_To_Login_Insurance_Portal" time="20.546">
    <failure type="org.openqa.selenium.TimeoutException" message="Expected condition failed: waiting for visibility of Proxy element for: DefaultElementLocator &amp;apos;By.xpath: //*[@class=&amp;quot;login-user-type_container&amp;quot;]//following::*[contains(text(),&amp;apos; Login as an Employee &amp;apos;)]&amp;apos; (tried for 20 second(s) with 500 milliseconds interval)">
      <![CDATA[org.openqa.selenium.TimeoutException: Expected condition failed: waiting for visibility of Proxy element for: DefaultElementLocator 'By.xpath: //*[@class="login-user-type_container"]//following::*[contains(text(),' Login as an Employee ')]' (tried for 20 second(s) with 500 milliseconds interval)
at org.openqa.selenium.support.ui.WebDriverWait.timeoutException(WebDriverWait.java:84)
at org.openqa.selenium.support.ui.FluentWait.until(FluentWait.java:228)
at automation.baseclass.TestBase.waitForElement(TestBase.java:248)
at automation.pageobjectclass.LoginPage.LoginAsEmployee(LoginPage.java:68)
at automation.testclass.InsurancePortal.To_Verify_That_User_Is_Able_To_Login_Insurance_Portal(InsurancePortal.java:12)
at java.base/java.util.ArrayList.forEach(ArrayList.java:1596)
Caused by: org.openqa.selenium.NoSuchElementException: no such element: Unable to locate element: {"method":"xpath","selector":"//*[@class="login-user-type_container"]//following::*[contains(text(),' Login as an Employee ')]"}
  (Session info: MicrosoftEdge=146.0.3856.97)
For documentation on this error, please visit: https://www.selenium.dev/documentation/webdriver/troubleshooting/errors#no-such-element-exception
Build info: version: '4.20.0', revision: '866c76ca80'
System info: os.name: 'Windows 11', os.arch: 'amd64', os.version: '10.0', java.version: '21.0.7'
Driver info: org.openqa.selenium.edge.EdgeDriver
Command: [37d3431cd83435fabcd396678e9560bc, findElement {using=xpath, value=//*[@class="login-user-type_container"]//following::*[contains(text(),' Login as an Employee ')]}]
Capabilities {acceptInsecureCerts: false, browserName: MicrosoftEdge, browserVersion: 146.0.3856.97, fedcm:accounts: true, goog:processID: 50876, ms:edgeOptions: {debuggerAddress: localhost:53443}, msedge: {msedgedriverVersion: 146.0.3856.97 (79f6730cd02c..., userDataDir: C:\Users\2740491\AppData\Lo...}, networkConnectionEnabled: false, pageLoadStrategy: normal, platformName: windows, proxy: Proxy(), se:cdp: ws://localhost:53443/devtoo..., se:cdpVersion: 146.0.3856.97, setWindowRect: true, strictFileInteractability: false, timeouts: {implicit: 0, pageLoad: 300000, script: 30000}, unhandledPromptBehavior: dismiss and notify, webauthn:extension:credBlob: true, webauthn:extension:largeBlob: true, webauthn:extension:minPinLength: true, webauthn:extension:prf: true, webauthn:virtualAuthenticators: true}
Session ID: 37d3431cd83435fabcd396678e9560bc
at org.openqa.selenium.remote.ErrorCodec.decode(ErrorCodec.java:167)
at org.openqa.selenium.remote.codec.w3c.W3CHttpResponseCodec.decode(W3CHttpResponseCodec.java:138)
at org.openqa.selenium.remote.codec.w3c.W3CHttpResponseCodec.decode(W3CHttpResponseCodec.java:50)
at org.openqa.selenium.remote.HttpCommandExecutor.execute(HttpCommandExecutor.java:190)
at org.openqa.selenium.remote.service.DriverCommandExecutor.invokeExecute(DriverCommandExecutor.java:216)
at org.openqa.selenium.remote.service.DriverCommandExecutor.execute(DriverCommandExecutor.java:174)
at org.openqa.selenium.remote.RemoteWebDriver.execute(RemoteWebDriver.java:518)
at org.openqa.selenium.remote.ElementLocation$ElementFinder$2.findElement(ElementLocation.java:165)
at org.openqa.selenium.remote.ElementLocation.findElement(ElementLocation.java:59)
at org.openqa.selenium.remote.RemoteWebDriver.findElement(RemoteWebDriver.java:355)
at org.openqa.selenium.remote.RemoteWebDriver.findElement(RemoteWebDriver.java:349)
at org.openqa.selenium.support.pagefactory.DefaultElementLocator.findElement(DefaultElementLocator.java:68)
at org.openqa.selenium.support.pagefactory.internal.LocatingElementHandler.invoke(LocatingElementHandler.java:38)
at jdk.proxy2/jdk.proxy2.$Proxy16.isDisplayed(Unknown Source)
at org.openqa.selenium.support.ui.ExpectedConditions.elementIfVisible(ExpectedConditions.java:304)
at org.openqa.selenium.support.ui.ExpectedConditions$10.apply(ExpectedConditions.java:290)
at org.openqa.selenium.support.ui.ExpectedConditions$10.apply(ExpectedConditions.java:287)
at org.openqa.selenium.support.ui.FluentWait.until(FluentWait.java:203)
... 29 more
... Removed 28 stack frames]]>
    </failure>
  </testcase> <!-- To_Verify_That_User_Is_Able_To_Login_Insurance_Portal -->
  <testcase classname="automation.testclass.HealthInsurance" name="To_Verify_That_User_Is_Able_To_Land_On_Journey_Page" time="6.826"/>
  <testcase classname="automation.testclass.HealthInsurance" name="To_verify_that_quote_is_created_successfully0" time="0.0">
    <ignored/>
  </testcase> <!-- To_verify_that_quote_is_created_successfully0 -->
</testsuite> <!-- HealthInsurance(failed) -->
