<?xml version="1.0" encoding="UTF-8"?>
<!-- Generated by org.testng.reporters.JUnitReportReporter -->
<testsuite hostname="SSIIDRJOBMAMN2" failures="0" tests="1" name="automation.testclass.JobmaFooterLinksValidation" time="307.376" errors="0" timestamp="2026-07-07T19:23:39 IST" skipped="0">
  <testcase classname="automation.testclass.JobmaFooterLinksValidation" name="To_Verify_That_Footer_Links_Are_Clikable_And_Redirecting_User_To_Correct_Page" time="307.376"/>
</testsuite> <!-- automation.testclass.JobmaFooterLinksValidation -->
